<?xml version="1.0" encoding="UTF-8"?>
<!-- Generated by org.testng.reporters.JUnitXMLReporter -->
<testsuite ignored="0" hostname="baburao" failures="1" tests="1" name="Test1" time="28.339" errors="0" timestamp="2023-07-23T15:54:19 IST">
  <testcase classname="CrossbrowserTesting.crossbrowser" name="OrangeHRM" time="28.335">
    <failure type="java.lang.AssertionError" message="expected [JohnNguyenNguyenNguyen] but found [Vivek Shetty]">
      <![CDATA[java.lang.AssertionError: expected [JohnNguyenNguyenNguyen] but found [Vivek Shetty]
at CrossbrowserTesting.crossbrowser.OrangeHRM(crossbrowser.java:55)
at java.base/java.util.ArrayList.forEach(ArrayList.java:1511)
... Removed 33 stack frames]]>
    </failure>
  </testcase> <!-- OrangeHRM -->
</testsuite> <!-- Test1 -->
